f:\hmy\mainwindow\mainwindow\x64\release\hikcamera.obj
f:\hmy\mainwindow\mainwindow\x64\release\mainwindow.obj
f:\hmy\mainwindow\mainwindow\x64\release\yoloprocessor.obj
f:\hmy\mainwindow\mainwindow\x64\release\glvideowidget.obj
f:\hmy\mainwindow\mainwindow\x64\release\yolov5detector.obj
f:\hmy\mainwindow\mainwindow\x64\release\main.obj
f:\hmy\mainwindow\mainwindow\x64\release\camerathread.obj
f:\hmy\mainwindow\mainwindow\x64\release\moc_glvideowidget.obj
f:\hmy\mainwindow\mainwindow\x64\release\moc_hikcamera.obj
f:\hmy\mainwindow\mainwindow\x64\release\moc_camerathread.obj
f:\hmy\mainwindow\mainwindow\x64\release\qrc_mainwindow.obj
f:\hmy\mainwindow\mainwindow\x64\release\moc_yoloprocessor.obj
f:\hmy\mainwindow\mainwindow\x64\release\moc_mainwindow.obj
f:\hmy\mainwindow\mainwindow\x64\release\uic\ui_mainwindow.h
f:\hmy\mainwindow\mainwindow\x64\release\rcc\qrc_mainwindow.cpp
f:\hmy\mainwindow\mainwindow\x64\release\moc\moc_mainwindow.cpp
f:\hmy\mainwindow\mainwindow\x64\release\moc\moc_camerathread.cpp
f:\hmy\mainwindow\mainwindow\x64\release\moc\moc_yoloprocessor.cpp
f:\hmy\mainwindow\mainwindow\x64\release\moc\moc_glvideowidget.cpp
f:\hmy\mainwindow\mainwindow\x64\release\moc\moc_hikcamera.cpp
f:\hmy\mainwindow\mainwindow\x64\release\mainwindow.tlog\cl.13076.write.1.tlog
f:\hmy\mainwindow\mainwindow\x64\release\mainwindow.tlog\cl.command.1.tlog
f:\hmy\mainwindow\mainwindow\x64\release\mainwindow.tlog\cl.read.1.tlog
f:\hmy\mainwindow\mainwindow\x64\release\mainwindow.tlog\link-cvtres.read.1.tlog
f:\hmy\mainwindow\mainwindow\x64\release\mainwindow.tlog\link-cvtres.write.1.tlog
f:\hmy\mainwindow\mainwindow\x64\release\mainwindow.tlog\link-rc.read.1.tlog
f:\hmy\mainwindow\mainwindow\x64\release\mainwindow.tlog\link-rc.write.1.tlog
f:\hmy\mainwindow\mainwindow\x64\release\mainwindow.tlog\link.command.1.tlog
f:\hmy\mainwindow\mainwindow\x64\release\mainwindow.tlog\link.read.1.tlog
f:\hmy\mainwindow\mainwindow\x64\release\mainwindow.tlog\link.write.1.tlog
f:\hmy\mainwindow\mainwindow\x64\release\mainwindow.tlog\mainwindow.write.1u.tlog
f:\hmy\mainwindow\mainwindow\x64\release\mainwindow.tlog\moc.read.1u.tlog
f:\hmy\mainwindow\mainwindow\x64\release\mainwindow.tlog\moc.write.1u.tlog
f:\hmy\mainwindow\mainwindow\x64\release\mainwindow.tlog\rcc.read.1u.tlog
f:\hmy\mainwindow\mainwindow\x64\release\mainwindow.tlog\rcc.write.1u.tlog
f:\hmy\mainwindow\mainwindow\x64\release\mainwindow.tlog\uic.read.1u.tlog
f:\hmy\mainwindow\mainwindow\x64\release\mainwindow.tlog\uic.write.1u.tlog
